<?xml version="1.0" encoding="UTF-8"?>
<robot generator="Robot 6.1.1 (Python 3.10.6 on win32)" generated="20250602 13:28:19.167" rpa="false" schemaversion="4">
<suite id="s1" name="Teste Serasa" source="C:\Users\wendel.santos\OneDrive - Softplan\Área de Trabalho\Teste Serasa">
<suite id="s1-s1" name="TestCase" source="C:\Users\wendel.santos\OneDrive - Softplan\Área de Trabalho\Teste Serasa\TestCase">
<suite id="s1-s1-s1" name="01 FuncionalidadePix" source="C:\Users\wendel.santos\OneDrive - Softplan\Área de Trabalho\Teste Serasa\TestCase\01_FuncionalidadePix.robot">
<test id="s1-s1-s1-t1" name="Cenário 01: Exibição dos métodos de pagamento (PIX e Boleto)" line="10">
<kw name="Dado que esteja no Portal &quot;SERASA&quot;" library="01_FuncionalidadePix">
<kw name="Open Browser" library="SeleniumLibrary">
<arg>${TELA_SERASA}</arg>
<arg>chrome</arg>
<doc>Opens a new browser instance to the optional ``url``.</doc>
<msg timestamp="20250602 13:28:21.409" level="INFO">Opening browser 'chrome' to base url 'https://www.serasa.com.br/limpa-nome-online/'.</msg>
<status status="PASS" starttime="20250602 13:28:21.408" endtime="20250602 13:28:28.871"/>
</kw>
<kw name="Maximize Browser Window" library="SeleniumLibrary">
<doc>Maximizes current browser window.</doc>
<status status="PASS" starttime="20250602 13:28:28.871" endtime="20250602 13:28:28.951"/>
</kw>
<status status="PASS" starttime="20250602 13:28:21.406" endtime="20250602 13:28:28.952"/>
</kw>
<kw name="E Clicar no botão &quot;Entrar&quot;" library="01_FuncionalidadePix" sourcename="E Clicar no botão &quot;${NOME_BOTAO}&quot;">
<kw name="Gera Frase Em String" library="RPA_Utils">
<var>${NOME_BOTAO}</var>
<arg>${NOME_BOTAO}</arg>
<msg timestamp="20250602 13:28:28.959" level="INFO">${NOME_BOTAO} = ENTRAR</msg>
<status status="PASS" starttime="20250602 13:28:28.958" endtime="20250602 13:28:28.960"/>
</kw>
<kw name="Wait Until Element Is Visible" library="SeleniumLibrary">
<arg>${BOTAO_${NOME_BOTAO}}</arg>
<arg>${TIMEOUT}</arg>
<doc>Waits until the element ``locator`` is visible.</doc>
<status status="PASS" starttime="20250602 13:28:28.960" endtime="20250602 13:28:29.046"/>
</kw>
<kw name="Click Element" library="SeleniumLibrary">
<arg>${BOTAO_${NOME_BOTAO}}</arg>
<doc>Click the element identified by ``locator``.</doc>
<msg timestamp="20250602 13:28:29.048" level="INFO">Clicking element '//a[contains(@class,'ea-button ea-button--ghost ht-cta')]'.</msg>
<status status="PASS" starttime="20250602 13:28:29.046" endtime="20250602 13:28:30.633"/>
</kw>
<status status="PASS" starttime="20250602 13:28:28.953" endtime="20250602 13:28:30.633"/>
</kw>
<kw name="E Inserir no campo &quot;CPF&quot; o valor &quot;14248648792&quot;" library="01_FuncionalidadePix" sourcename="E Inserir no campo &quot;${CAMPO}&quot; o valor &quot;${VALOR}&quot;">
<kw name="Gera Frase Em String" library="RPA_Utils">
<var>${CAMPO}</var>
<arg>${CAMPO}</arg>
<msg timestamp="20250602 13:28:30.637" level="INFO">${CAMPO} = CPF</msg>
<status status="PASS" starttime="20250602 13:28:30.636" endtime="20250602 13:28:30.637"/>
</kw>
<kw name="Wait Until Element Is Visible" library="SeleniumLibrary">
<arg>${CAMPO_${CAMPO}}</arg>
<arg>${TIMEOUT}</arg>
<doc>Waits until the element ``locator`` is visible.</doc>
<status status="PASS" starttime="20250602 13:28:30.641" endtime="20250602 13:28:34.748"/>
</kw>
<kw name="Input Text" library="SeleniumLibrary">
<arg>${CAMPO_${CAMPO}}</arg>
<arg>${VALOR}</arg>
<doc>Types the given ``text`` into the text field identified by ``locator``.</doc>
<msg timestamp="20250602 13:28:34.752" level="INFO">Typing text '14248648792' into text field 'id=f-cpf'.</msg>
<status status="PASS" starttime="20250602 13:28:34.749" endtime="20250602 13:28:35.166"/>
</kw>
<status status="PASS" starttime="20250602 13:28:30.634" endtime="20250602 13:28:35.166"/>
</kw>
<kw name="E Clicar no botão &quot;Continuar&quot;" library="01_FuncionalidadePix" sourcename="E Clicar no botão &quot;${NOME_BOTAO}&quot;">
<kw name="Gera Frase Em String" library="RPA_Utils">
<var>${NOME_BOTAO}</var>
<arg>${NOME_BOTAO}</arg>
<msg timestamp="20250602 13:28:35.175" level="INFO">${NOME_BOTAO} = CONTINUAR</msg>
<status status="PASS" starttime="20250602 13:28:35.174" endtime="20250602 13:28:35.176"/>
</kw>
<kw name="Wait Until Element Is Visible" library="SeleniumLibrary">
<arg>${BOTAO_${NOME_BOTAO}}</arg>
<arg>${TIMEOUT}</arg>
<doc>Waits until the element ``locator`` is visible.</doc>
<status status="PASS" starttime="20250602 13:28:35.177" endtime="20250602 13:28:35.313"/>
</kw>
<kw name="Click Element" library="SeleniumLibrary">
<arg>${BOTAO_${NOME_BOTAO}}</arg>
<doc>Click the element identified by ``locator``.</doc>
<msg timestamp="20250602 13:28:35.315" level="INFO">Clicking element '//button[@type='submit'][contains(.,'Continuar')]'.</msg>
<status status="PASS" starttime="20250602 13:28:35.314" endtime="20250602 13:28:35.657"/>
</kw>
<status status="PASS" starttime="20250602 13:28:35.173" endtime="20250602 13:28:35.659"/>
</kw>
<kw name="E Inserir no campo &quot;Senha&quot; o valor &quot;Gugu@2019&quot;" library="01_FuncionalidadePix" sourcename="E Inserir no campo &quot;${CAMPO}&quot; o valor &quot;${VALOR}&quot;">
<kw name="Gera Frase Em String" library="RPA_Utils">
<var>${CAMPO}</var>
<arg>${CAMPO}</arg>
<msg timestamp="20250602 13:28:35.663" level="INFO">${CAMPO} = SENHA</msg>
<status status="PASS" starttime="20250602 13:28:35.662" endtime="20250602 13:28:35.665"/>
</kw>
<kw name="Wait Until Element Is Visible" library="SeleniumLibrary">
<arg>${CAMPO_${CAMPO}}</arg>
<arg>${TIMEOUT}</arg>
<doc>Waits until the element ``locator`` is visible.</doc>
<status status="PASS" starttime="20250602 13:28:35.665" endtime="20250602 13:28:36.831"/>
</kw>
<kw name="Input Text" library="SeleniumLibrary">
<arg>${CAMPO_${CAMPO}}</arg>
<arg>${VALOR}</arg>
<doc>Types the given ``text`` into the text field identified by ``locator``.</doc>
<msg timestamp="20250602 13:28:36.836" level="INFO">Typing text 'Gugu@2019' into text field 'id=current-password'.</msg>
<status status="PASS" starttime="20250602 13:28:36.834" endtime="20250602 13:28:36.957"/>
</kw>
<status status="PASS" starttime="20250602 13:28:35.659" endtime="20250602 13:28:36.957"/>
</kw>
<kw name="E Clicar no botão &quot;Continuar&quot;" library="01_FuncionalidadePix" sourcename="E Clicar no botão &quot;${NOME_BOTAO}&quot;">
<kw name="Gera Frase Em String" library="RPA_Utils">
<var>${NOME_BOTAO}</var>
<arg>${NOME_BOTAO}</arg>
<msg timestamp="20250602 13:28:36.960" level="INFO">${NOME_BOTAO} = CONTINUAR</msg>
<status status="PASS" starttime="20250602 13:28:36.959" endtime="20250602 13:28:36.961"/>
</kw>
<kw name="Wait Until Element Is Visible" library="SeleniumLibrary">
<arg>${BOTAO_${NOME_BOTAO}}</arg>
<arg>${TIMEOUT}</arg>
<doc>Waits until the element ``locator`` is visible.</doc>
<status status="PASS" starttime="20250602 13:28:36.962" endtime="20250602 13:28:37.000"/>
</kw>
<kw name="Click Element" library="SeleniumLibrary">
<arg>${BOTAO_${NOME_BOTAO}}</arg>
<doc>Click the element identified by ``locator``.</doc>
<msg timestamp="20250602 13:28:37.003" level="INFO">Clicking element '//button[@type='submit'][contains(.,'Continuar')]'.</msg>
<status status="PASS" starttime="20250602 13:28:37.001" endtime="20250602 13:28:37.171"/>
</kw>
<status status="PASS" starttime="20250602 13:28:36.958" endtime="20250602 13:28:37.172"/>
</kw>
<kw name="E Clicar no botão &quot;Negociar Dívidas&quot;" library="01_FuncionalidadePix" sourcename="E Clicar no botão &quot;${NOME_BOTAO}&quot;">
<kw name="Gera Frase Em String" library="RPA_Utils">
<var>${NOME_BOTAO}</var>
<arg>${NOME_BOTAO}</arg>
<msg timestamp="20250602 13:28:37.175" level="INFO">${NOME_BOTAO} = NEGOCIAR_DIVIDAS</msg>
<status status="PASS" starttime="20250602 13:28:37.174" endtime="20250602 13:28:37.175"/>
</kw>
<kw name="Wait Until Element Is Visible" library="SeleniumLibrary">
<arg>${BOTAO_${NOME_BOTAO}}</arg>
<arg>${TIMEOUT}</arg>
<doc>Waits until the element ``locator`` is visible.</doc>
<msg timestamp="20250602 13:28:47.140" level="INFO" html="true">&lt;/td&gt;&lt;/tr&gt;&lt;tr&gt;&lt;td colspan="3"&gt;&lt;a href="selenium-screenshot-2.png"&gt;&lt;img src="selenium-screenshot-2.png" width="800px"&gt;&lt;/a&gt;</msg>
<msg timestamp="20250602 13:28:47.141" level="FAIL">Element '//div[contains(@class,'jsx-c19eff7efe344a10 main-content --with-backbar')]' not visible after 5 seconds.</msg>
<status status="FAIL" starttime="20250602 13:28:37.175" endtime="20250602 13:28:47.145"/>
</kw>
<kw name="Click Element" library="SeleniumLibrary">
<arg>${BOTAO_${NOME_BOTAO}}</arg>
<doc>Click the element identified by ``locator``.</doc>
<status status="NOT RUN" starttime="20250602 13:28:47.145" endtime="20250602 13:28:47.146"/>
</kw>
<status status="FAIL" starttime="20250602 13:28:37.172" endtime="20250602 13:28:47.146"/>
</kw>
<kw name="Sleep" library="BuiltIn">
<arg>3s</arg>
<doc>Pauses the test executed for the given time.</doc>
<status status="NOT RUN" starttime="20250602 13:28:47.147" endtime="20250602 13:28:47.148"/>
</kw>
<kw name="Close Browser" library="SeleniumLibrary" type="TEARDOWN">
<doc>Closes the current browser.</doc>
<status status="PASS" starttime="20250602 13:28:47.148" endtime="20250602 13:28:50.037"/>
</kw>
<doc>Exibição dos métodos de pagamento (PIX e Boleto).</doc>
<status status="FAIL" starttime="20250602 13:28:21.405" endtime="20250602 13:28:50.038">Element '//div[contains(@class,'jsx-c19eff7efe344a10 main-content --with-backbar')]' not visible after 5 seconds.</status>
</test>
<doc>Essa suíte testa o módulo da nova funcionalidade PIX Serasa Consumidor</doc>
<status status="FAIL" starttime="20250602 13:28:19.243" endtime="20250602 13:28:50.042"/>
</suite>
<status status="FAIL" starttime="20250602 13:28:19.236" endtime="20250602 13:28:50.045"/>
</suite>
<status status="FAIL" starttime="20250602 13:28:19.182" endtime="20250602 13:28:50.048"/>
</suite>
<statistics>
<total>
<stat pass="0" fail="1" skip="0">All Tests</stat>
</total>
<tag>
</tag>
<suite>
<stat pass="0" fail="1" skip="0" id="s1" name="Teste Serasa">Teste Serasa</stat>
<stat pass="0" fail="1" skip="0" id="s1-s1" name="TestCase">Teste Serasa.TestCase</stat>
<stat pass="0" fail="1" skip="0" id="s1-s1-s1" name="01 FuncionalidadePix">Teste Serasa.TestCase.01 FuncionalidadePix</stat>
</suite>
</statistics>
<errors>
<msg timestamp="20250602 13:28:19.261" level="ERROR">Error in file 'C:\Users\wendel.santos\OneDrive - Softplan\Área de Trabalho\Teste Serasa\TestCase\01_FuncionalidadePix.robot' on line 5: Setting 'Test Teardown' is not allowed in resource file.</msg>
<msg timestamp="20250602 13:28:19.265" level="ERROR">Error in file 'C:\Users\wendel.santos\OneDrive - Softplan\Área de Trabalho\Teste Serasa\Resource\01_FuncionalidadePix.robot' on line 2: Error in file 'C:\Users\wendel.santos\OneDrive - Softplan\Área de Trabalho\Teste Serasa\TestCase\01_FuncionalidadePix.robot' on line 8: Resource file with 'Test Cases' section is invalid.</msg>
</errors>
</robot>
