<?xml version="1.0" encoding="UTF-8"?>
<robot generator="Robot 6.1.1 (Python 3.10.6 on win32)" generated="20250602 13:10:09.723" rpa="false" schemaversion="4">
<suite id="s1" name="Teste Serasa" source="C:\Users\wendel.santos\OneDrive - Softplan\Área de Trabalho\Teste Serasa">
<suite id="s1-s1" name="TestCase" source="C:\Users\wendel.santos\OneDrive - Softplan\Área de Trabalho\Teste Serasa\TestCase">
<suite id="s1-s1-s1" name="01 FuncionalidadePix" source="C:\Users\wendel.santos\OneDrive - Softplan\Área de Trabalho\Teste Serasa\TestCase\01_FuncionalidadePix.robot">
<test id="s1-s1-s1-t1" name="Cenário 01: Exibição dos métodos de pagamento (PIX e Boleto)" line="10">
<kw name="Dado que esteja no Portal &quot;SERASA&quot;" library="01_FuncionalidadePix">
<kw name="Open Browser" library="SeleniumLibrary">
<arg>${TELA_SERASA}</arg>
<arg>chrome</arg>
<doc>Opens a new browser instance to the optional ``url``.</doc>
<msg timestamp="20250602 13:10:11.797" level="INFO">Opening browser 'chrome' to base url 'https://www.serasa.com.br/limpa-nome-online/'.</msg>
<status status="PASS" starttime="20250602 13:10:11.796" endtime="20250602 13:10:17.437"/>
</kw>
<kw name="Maximize Browser Window" library="SeleniumLibrary">
<doc>Maximizes current browser window.</doc>
<status status="PASS" starttime="20250602 13:10:17.437" endtime="20250602 13:10:17.782"/>
</kw>
<status status="PASS" starttime="20250602 13:10:11.794" endtime="20250602 13:10:17.782"/>
</kw>
<kw name="E Clicar no botão &quot;Entrar&quot;" library="01_FuncionalidadePix" sourcename="E Clicar no botão &quot;${NOME_BOTAO}&quot;">
<kw name="Gera Frase Em String" library="RPA_Utils">
<var>${NOME_BOTAO}</var>
<arg>${NOME_BOTAO}</arg>
<msg timestamp="20250602 13:10:17.791" level="INFO">${NOME_BOTAO} = ENTRAR</msg>
<status status="PASS" starttime="20250602 13:10:17.789" endtime="20250602 13:10:17.792"/>
</kw>
<kw name="Wait Until Element Is Visible" library="SeleniumLibrary">
<arg>${BOTAO_${NOME_BOTAO}}</arg>
<arg>${TIMEOUT}</arg>
<doc>Waits until the element ``locator`` is visible.</doc>
<status status="PASS" starttime="20250602 13:10:17.792" endtime="20250602 13:10:18.048"/>
</kw>
<kw name="Click Element" library="SeleniumLibrary">
<arg>${BOTAO_${NOME_BOTAO}}</arg>
<doc>Click the element identified by ``locator``.</doc>
<msg timestamp="20250602 13:10:18.050" level="INFO">Clicking element '//a[contains(@class,'ea-button ea-button--ghost ht-cta')]'.</msg>
<status status="PASS" starttime="20250602 13:10:18.048" endtime="20250602 13:10:19.814"/>
</kw>
<status status="PASS" starttime="20250602 13:10:17.783" endtime="20250602 13:10:19.814"/>
</kw>
<kw name="E Inserir no campo &quot;CPF&quot; o valor &quot;14248648792&quot;" library="01_FuncionalidadePix" sourcename="E Inserir no campo &quot;${CAMPO}&quot; o valor &quot;${VALOR}&quot;">
<kw name="Gera Frase Em String" library="RPA_Utils">
<var>${CAMPO}</var>
<arg>${CAMPO}</arg>
<msg timestamp="20250602 13:10:19.819" level="INFO">${CAMPO} = CPF</msg>
<status status="PASS" starttime="20250602 13:10:19.818" endtime="20250602 13:10:19.820"/>
</kw>
<kw name="Wait Until Element Is Visible" library="SeleniumLibrary">
<arg>${CAMPO_${CAMPO}}</arg>
<arg>${TIMEOUT}</arg>
<doc>Waits until the element ``locator`` is visible.</doc>
<status status="PASS" starttime="20250602 13:10:19.820" endtime="20250602 13:10:22.065"/>
</kw>
<kw name="Input Text" library="SeleniumLibrary">
<arg>${CAMPO_${CAMPO}}</arg>
<arg>${VALOR}</arg>
<doc>Types the given ``text`` into the text field identified by ``locator``.</doc>
<msg timestamp="20250602 13:10:22.067" level="INFO">Typing text '14248648792' into text field 'id=f-cpf'.</msg>
<status status="PASS" starttime="20250602 13:10:22.066" endtime="20250602 13:10:23.765"/>
</kw>
<status status="PASS" starttime="20250602 13:10:19.816" endtime="20250602 13:10:23.766"/>
</kw>
<kw name="Close Browser" library="SeleniumLibrary" type="TEARDOWN">
<doc>Closes the current browser.</doc>
<status status="PASS" starttime="20250602 13:10:23.767" endtime="20250602 13:10:26.175"/>
</kw>
<doc>Exibição dos métodos de pagamento (PIX e Boleto).</doc>
<status status="PASS" starttime="20250602 13:10:11.792" endtime="20250602 13:10:26.176"/>
</test>
<doc>Essa suíte testa o módulo da nova funcionalidade PIX Serasa Consumidor</doc>
<status status="PASS" starttime="20250602 13:10:09.771" endtime="20250602 13:10:26.179"/>
</suite>
<status status="PASS" starttime="20250602 13:10:09.765" endtime="20250602 13:10:26.184"/>
</suite>
<status status="PASS" starttime="20250602 13:10:09.734" endtime="20250602 13:10:26.186"/>
</suite>
<statistics>
<total>
<stat pass="1" fail="0" skip="0">All Tests</stat>
</total>
<tag>
</tag>
<suite>
<stat pass="1" fail="0" skip="0" id="s1" name="Teste Serasa">Teste Serasa</stat>
<stat pass="1" fail="0" skip="0" id="s1-s1" name="TestCase">Teste Serasa.TestCase</stat>
<stat pass="1" fail="0" skip="0" id="s1-s1-s1" name="01 FuncionalidadePix">Teste Serasa.TestCase.01 FuncionalidadePix</stat>
</suite>
</statistics>
<errors>
<msg timestamp="20250602 13:10:09.782" level="ERROR">Error in file 'C:\Users\wendel.santos\OneDrive - Softplan\Área de Trabalho\Teste Serasa\TestCase\01_FuncionalidadePix.robot' on line 5: Setting 'Test Teardown' is not allowed in resource file.</msg>
<msg timestamp="20250602 13:10:09.793" level="ERROR">Error in file 'C:\Users\wendel.santos\OneDrive - Softplan\Área de Trabalho\Teste Serasa\Resource\01_FuncionalidadePix.robot' on line 2: Error in file 'C:\Users\wendel.santos\OneDrive - Softplan\Área de Trabalho\Teste Serasa\TestCase\01_FuncionalidadePix.robot' on line 8: Resource file with 'Test Cases' section is invalid.</msg>
</errors>
</robot>
